<?xml version="1.0" encoding="UTF-8"?>
<testsuite xmlns:xsi="http://www.w3.org/2001/XMLSchema-instance" xsi:noNamespaceSchemaLocation="https://maven.apache.org/surefire/maven-surefire-plugin/xsd/surefire-test-report.xsd" name="TestSuite" time="0.744" tests="6" errors="0" skipped="0" failures="0">
  <properties>
    <property name="gopherProxySet" value="false"/>
    <property name="awt.toolkit" value="sun.lwawt.macosx.LWCToolkit"/>
    <property name="java.specification.version" value="9"/>
    <property name="file.encoding.pkg" value="sun.io"/>
    <property name="sun.cpu.isalist" value=""/>
    <property name="sun.jnu.encoding" value="UTF-8"/>
    <property name="java.class.path" value="/usr/local/apache-maven/apache-maven-3.5.2/my-app/target/test-classes:/usr/local/apache-maven/apache-maven-3.5.2/my-app/target/classes:/Users/przemyslaw.tarenda/.m2/repository/org/seleniumhq/selenium/selenium-java/3.8.1/selenium-java-3.8.1.jar:/Users/przemyslaw.tarenda/.m2/repository/org/seleniumhq/selenium/selenium-api/3.8.1/selenium-api-3.8.1.jar:/Users/przemyslaw.tarenda/.m2/repository/org/seleniumhq/selenium/selenium-chrome-driver/3.8.1/selenium-chrome-driver-3.8.1.jar:/Users/przemyslaw.tarenda/.m2/repository/org/seleniumhq/selenium/selenium-edge-driver/3.8.1/selenium-edge-driver-3.8.1.jar:/Users/przemyslaw.tarenda/.m2/repository/org/seleniumhq/selenium/selenium-firefox-driver/3.8.1/selenium-firefox-driver-3.8.1.jar:/Users/przemyslaw.tarenda/.m2/repository/org/seleniumhq/selenium/selenium-ie-driver/3.8.1/selenium-ie-driver-3.8.1.jar:/Users/przemyslaw.tarenda/.m2/repository/org/seleniumhq/selenium/selenium-opera-driver/3.8.1/selenium-opera-driver-3.8.1.jar:/Users/przemyslaw.tarenda/.m2/repository/org/seleniumhq/selenium/selenium-remote-driver/3.8.1/selenium-remote-driver-3.8.1.jar:/Users/przemyslaw.tarenda/.m2/repository/org/seleniumhq/selenium/selenium-safari-driver/3.8.1/selenium-safari-driver-3.8.1.jar:/Users/przemyslaw.tarenda/.m2/repository/org/seleniumhq/selenium/selenium-support/3.8.1/selenium-support-3.8.1.jar:/Users/przemyslaw.tarenda/.m2/repository/net/bytebuddy/byte-buddy/1.7.5/byte-buddy-1.7.5.jar:/Users/przemyslaw.tarenda/.m2/repository/org/apache/commons/commons-exec/1.3/commons-exec-1.3.jar:/Users/przemyslaw.tarenda/.m2/repository/commons-codec/commons-codec/1.10/commons-codec-1.10.jar:/Users/przemyslaw.tarenda/.m2/repository/commons-logging/commons-logging/1.2/commons-logging-1.2.jar:/Users/przemyslaw.tarenda/.m2/repository/com/google/code/gson/gson/2.8.2/gson-2.8.2.jar:/Users/przemyslaw.tarenda/.m2/repository/com/google/guava/guava/23.0/guava-23.0.jar:/Users/przemyslaw.tarenda/.m2/repository/com/google/code/findbugs/jsr305/1.3.9/jsr305-1.3.9.jar:/Users/przemyslaw.tarenda/.m2/repository/com/google/errorprone/error_prone_annotations/2.0.18/error_prone_annotations-2.0.18.jar:/Users/przemyslaw.tarenda/.m2/repository/com/google/j2objc/j2objc-annotations/1.1/j2objc-annotations-1.1.jar:/Users/przemyslaw.tarenda/.m2/repository/org/codehaus/mojo/animal-sniffer-annotations/1.14/animal-sniffer-annotations-1.14.jar:/Users/przemyslaw.tarenda/.m2/repository/org/apache/httpcomponents/httpclient/4.5.3/httpclient-4.5.3.jar:/Users/przemyslaw.tarenda/.m2/repository/org/apache/httpcomponents/httpcore/4.4.6/httpcore-4.4.6.jar:/Users/przemyslaw.tarenda/.m2/repository/org/testng/testng/6.13.1/testng-6.13.1.jar:/Users/przemyslaw.tarenda/.m2/repository/com/beust/jcommander/1.72/jcommander-1.72.jar:/Users/przemyslaw.tarenda/.m2/repository/io/rest-assured/rest-assured/3.0.6/rest-assured-3.0.6.jar:/Users/przemyslaw.tarenda/.m2/repository/org/codehaus/groovy/groovy/2.4.12/groovy-2.4.12.jar:/Users/przemyslaw.tarenda/.m2/repository/org/codehaus/groovy/groovy-xml/2.4.12/groovy-xml-2.4.12.jar:/Users/przemyslaw.tarenda/.m2/repository/org/apache/httpcomponents/httpmime/4.5.1/httpmime-4.5.1.jar:/Users/przemyslaw.tarenda/.m2/repository/org/hamcrest/hamcrest-core/1.3/hamcrest-core-1.3.jar:/Users/przemyslaw.tarenda/.m2/repository/org/hamcrest/hamcrest-library/1.3/hamcrest-library-1.3.jar:/Users/przemyslaw.tarenda/.m2/repository/org/ccil/cowan/tagsoup/tagsoup/1.2.1/tagsoup-1.2.1.jar:/Users/przemyslaw.tarenda/.m2/repository/io/rest-assured/json-path/3.0.6/json-path-3.0.6.jar:/Users/przemyslaw.tarenda/.m2/repository/org/codehaus/groovy/groovy-json/2.4.12/groovy-json-2.4.12.jar:/Users/przemyslaw.tarenda/.m2/repository/io/rest-assured/rest-assured-common/3.0.6/rest-assured-common-3.0.6.jar:/Users/przemyslaw.tarenda/.m2/repository/io/rest-assured/xml-path/3.0.6/xml-path-3.0.6.jar:/Users/przemyslaw.tarenda/.m2/repository/javax/xml/bind/jaxb-api/2.2.12/jaxb-api-2.2.12.jar:/Users/przemyslaw.tarenda/.m2/repository/io/appium/java-client/5.0.4/java-client-5.0.4.jar:/Users/przemyslaw.tarenda/.m2/repository/cglib/cglib/3.2.5/cglib-3.2.5.jar:/Users/przemyslaw.tarenda/.m2/repository/org/ow2/asm/asm/6.0_ALPHA/asm-6.0_ALPHA.jar:/Users/przemyslaw.tarenda/.m2/repository/org/apache/ant/ant/1.9.6/ant-1.9.6.jar:/Users/przemyslaw.tarenda/.m2/repository/org/apache/ant/ant-launcher/1.9.6/ant-launcher-1.9.6.jar:/Users/przemyslaw.tarenda/.m2/repository/commons-validator/commons-validator/1.6/commons-validator-1.6.jar:/Users/przemyslaw.tarenda/.m2/repository/commons-beanutils/commons-beanutils/1.9.2/commons-beanutils-1.9.2.jar:/Users/przemyslaw.tarenda/.m2/repository/commons-digester/commons-digester/1.8.1/commons-digester-1.8.1.jar:/Users/przemyslaw.tarenda/.m2/repository/commons-collections/commons-collections/3.2.2/commons-collections-3.2.2.jar:/Users/przemyslaw.tarenda/.m2/repository/org/apache/commons/commons-lang3/3.6/commons-lang3-3.6.jar:/Users/przemyslaw.tarenda/.m2/repository/commons-io/commons-io/2.5/commons-io-2.5.jar:/Users/przemyslaw.tarenda/.m2/repository/org/springframework/spring-context/5.0.0.RELEASE/spring-context-5.0.0.RELEASE.jar:/Users/przemyslaw.tarenda/.m2/repository/org/springframework/spring-aop/5.0.0.RELEASE/spring-aop-5.0.0.RELEASE.jar:/Users/przemyslaw.tarenda/.m2/repository/org/springframework/spring-beans/5.0.0.RELEASE/spring-beans-5.0.0.RELEASE.jar:/Users/przemyslaw.tarenda/.m2/repository/org/springframework/spring-core/5.0.0.RELEASE/spring-core-5.0.0.RELEASE.jar:/Users/przemyslaw.tarenda/.m2/repository/org/springframework/spring-jcl/5.0.0.RELEASE/spring-jcl-5.0.0.RELEASE.jar:/Users/przemyslaw.tarenda/.m2/repository/org/springframework/spring-expression/5.0.0.RELEASE/spring-expression-5.0.0.RELEASE.jar:/Users/przemyslaw.tarenda/.m2/repository/org/aspectj/aspectjweaver/1.8.11/aspectjweaver-1.8.11.jar:/Users/przemyslaw.tarenda/.m2/repository/org/openpnp/opencv/3.2.0-1/opencv-3.2.0-1.jar:/Users/przemyslaw.tarenda/.m2/repository/org/apache/maven/plugins/maven-compiler-plugin/3.7.0/maven-compiler-plugin-3.7.0.jar:/Users/przemyslaw.tarenda/.m2/repository/org/apache/maven/maven-plugin-api/3.0/maven-plugin-api-3.0.jar:/Users/przemyslaw.tarenda/.m2/repository/org/apache/maven/maven-model/3.0/maven-model-3.0.jar:/Users/przemyslaw.tarenda/.m2/repository/org/sonatype/sisu/sisu-inject-plexus/1.4.2/sisu-inject-plexus-1.4.2.jar:/Users/przemyslaw.tarenda/.m2/repository/org/sonatype/sisu/sisu-inject-bean/1.4.2/sisu-inject-bean-1.4.2.jar:/Users/przemyslaw.tarenda/.m2/repository/org/sonatype/sisu/sisu-guice/2.1.7/sisu-guice-2.1.7-noaop.jar:/Users/przemyslaw.tarenda/.m2/repository/org/apache/maven/maven-artifact/3.0/maven-artifact-3.0.jar:/Users/przemyslaw.tarenda/.m2/repository/org/codehaus/plexus/plexus-utils/2.0.4/plexus-utils-2.0.4.jar:/Users/przemyslaw.tarenda/.m2/repository/org/apache/maven/maven-core/3.0/maven-core-3.0.jar:/Users/przemyslaw.tarenda/.m2/repository/org/apache/maven/maven-settings/3.0/maven-settings-3.0.jar:/Users/przemyslaw.tarenda/.m2/repository/org/apache/maven/maven-settings-builder/3.0/maven-settings-builder-3.0.jar:/Users/przemyslaw.tarenda/.m2/repository/org/apache/maven/maven-repository-metadata/3.0/maven-repository-metadata-3.0.jar:/Users/przemyslaw.tarenda/.m2/repository/org/apache/maven/maven-model-builder/3.0/maven-model-builder-3.0.jar:/Users/przemyslaw.tarenda/.m2/repository/org/apache/maven/maven-aether-provider/3.0/maven-aether-provider-3.0.jar:/Users/przemyslaw.tarenda/.m2/repository/org/sonatype/aether/aether-impl/1.7/aether-impl-1.7.jar:/Users/przemyslaw.tarenda/.m2/repository/org/sonatype/aether/aether-spi/1.7/aether-spi-1.7.jar:/Users/przemyslaw.tarenda/.m2/repository/org/sonatype/aether/aether-api/1.7/aether-api-1.7.jar:/Users/przemyslaw.tarenda/.m2/repository/org/sonatype/aether/aether-util/1.7/aether-util-1.7.jar:/Users/przemyslaw.tarenda/.m2/repository/org/codehaus/plexus/plexus-interpolation/1.14/plexus-interpolation-1.14.jar:/Users/przemyslaw.tarenda/.m2/repository/org/codehaus/plexus/plexus-classworlds/2.2.3/plexus-classworlds-2.2.3.jar:/Users/przemyslaw.tarenda/.m2/repository/org/codehaus/plexus/plexus-component-annotations/1.5.5/plexus-component-annotations-1.5.5.jar:/Users/przemyslaw.tarenda/.m2/repository/org/sonatype/plexus/plexus-sec-dispatcher/1.3/plexus-sec-dispatcher-1.3.jar:/Users/przemyslaw.tarenda/.m2/repository/org/sonatype/plexus/plexus-cipher/1.4/plexus-cipher-1.4.jar:/Users/przemyslaw.tarenda/.m2/repository/org/apache/maven/shared/maven-shared-utils/3.1.0/maven-shared-utils-3.1.0.jar:/Users/przemyslaw.tarenda/.m2/repository/org/apache/maven/shared/maven-shared-incremental/1.1/maven-shared-incremental-1.1.jar:/Users/przemyslaw.tarenda/.m2/repository/org/codehaus/plexus/plexus-java/0.9.2/plexus-java-0.9.2.jar:/Users/przemyslaw.tarenda/.m2/repository/com/thoughtworks/qdox/qdox/2.0-M7/qdox-2.0-M7.jar:/Users/przemyslaw.tarenda/.m2/repository/org/codehaus/plexus/plexus-compiler-api/2.8.2/plexus-compiler-api-2.8.2.jar:/Users/przemyslaw.tarenda/.m2/repository/org/codehaus/plexus/plexus-compiler-manager/2.8.2/plexus-compiler-manager-2.8.2.jar:/Users/przemyslaw.tarenda/.m2/repository/org/codehaus/plexus/plexus-compiler-javac/2.8.2/plexus-compiler-javac-2.8.2.jar:/Users/przemyslaw.tarenda/.m2/repository/junit/junit/4.11/junit-4.11.jar:/Users/przemyslaw.tarenda/.m2/repository/org/apache/maven/surefire/surefire-testng-utils/2.20.1/surefire-testng-utils-2.20.1.jar:/Users/przemyslaw.tarenda/.m2/repository/org/apache/maven/surefire/surefire-grouper/2.20.1/surefire-grouper-2.20.1.jar:"/>
    <property name="java.vm.vendor" value="Oracle Corporation"/>
    <property name="sun.arch.data.model" value="64"/>
    <property name="java.vendor.url" value="http://java.oracle.com/"/>
    <property name="user.timezone" value=""/>
    <property name="java.vm.specification.version" value="9"/>
    <property name="os.name" value="Mac OS X"/>
    <property name="sun.java.launcher" value="SUN_STANDARD"/>
    <property name="user.country" value="PL"/>
    <property name="sun.boot.library.path" value="/Library/Java/JavaVirtualMachines/jdk-9.0.4.jdk/Contents/Home/lib"/>
    <property name="sun.java.command" value="/usr/local/apache-maven/apache-maven-3.5.2/my-app/target/surefire/surefirebooter1502585924424561372.jar /usr/local/apache-maven/apache-maven-3.5.2/my-app/target/surefire 2018-02-05T13-08-01_734-jvmRun1 surefire15157945504304661120tmp surefire_012806621158917728228tmp"/>
    <property name="http.nonProxyHosts" value="local|*.local|169.254/16|*.169.254/16"/>
    <property name="jdk.debug" value="release"/>
    <property name="surefire.test.class.path" value="/usr/local/apache-maven/apache-maven-3.5.2/my-app/target/test-classes:/usr/local/apache-maven/apache-maven-3.5.2/my-app/target/classes:/Users/przemyslaw.tarenda/.m2/repository/org/seleniumhq/selenium/selenium-java/3.8.1/selenium-java-3.8.1.jar:/Users/przemyslaw.tarenda/.m2/repository/org/seleniumhq/selenium/selenium-api/3.8.1/selenium-api-3.8.1.jar:/Users/przemyslaw.tarenda/.m2/repository/org/seleniumhq/selenium/selenium-chrome-driver/3.8.1/selenium-chrome-driver-3.8.1.jar:/Users/przemyslaw.tarenda/.m2/repository/org/seleniumhq/selenium/selenium-edge-driver/3.8.1/selenium-edge-driver-3.8.1.jar:/Users/przemyslaw.tarenda/.m2/repository/org/seleniumhq/selenium/selenium-firefox-driver/3.8.1/selenium-firefox-driver-3.8.1.jar:/Users/przemyslaw.tarenda/.m2/repository/org/seleniumhq/selenium/selenium-ie-driver/3.8.1/selenium-ie-driver-3.8.1.jar:/Users/przemyslaw.tarenda/.m2/repository/org/seleniumhq/selenium/selenium-opera-driver/3.8.1/selenium-opera-driver-3.8.1.jar:/Users/przemyslaw.tarenda/.m2/repository/org/seleniumhq/selenium/selenium-remote-driver/3.8.1/selenium-remote-driver-3.8.1.jar:/Users/przemyslaw.tarenda/.m2/repository/org/seleniumhq/selenium/selenium-safari-driver/3.8.1/selenium-safari-driver-3.8.1.jar:/Users/przemyslaw.tarenda/.m2/repository/org/seleniumhq/selenium/selenium-support/3.8.1/selenium-support-3.8.1.jar:/Users/przemyslaw.tarenda/.m2/repository/net/bytebuddy/byte-buddy/1.7.5/byte-buddy-1.7.5.jar:/Users/przemyslaw.tarenda/.m2/repository/org/apache/commons/commons-exec/1.3/commons-exec-1.3.jar:/Users/przemyslaw.tarenda/.m2/repository/commons-codec/commons-codec/1.10/commons-codec-1.10.jar:/Users/przemyslaw.tarenda/.m2/repository/commons-logging/commons-logging/1.2/commons-logging-1.2.jar:/Users/przemyslaw.tarenda/.m2/repository/com/google/code/gson/gson/2.8.2/gson-2.8.2.jar:/Users/przemyslaw.tarenda/.m2/repository/com/google/guava/guava/23.0/guava-23.0.jar:/Users/przemyslaw.tarenda/.m2/repository/com/google/code/findbugs/jsr305/1.3.9/jsr305-1.3.9.jar:/Users/przemyslaw.tarenda/.m2/repository/com/google/errorprone/error_prone_annotations/2.0.18/error_prone_annotations-2.0.18.jar:/Users/przemyslaw.tarenda/.m2/repository/com/google/j2objc/j2objc-annotations/1.1/j2objc-annotations-1.1.jar:/Users/przemyslaw.tarenda/.m2/repository/org/codehaus/mojo/animal-sniffer-annotations/1.14/animal-sniffer-annotations-1.14.jar:/Users/przemyslaw.tarenda/.m2/repository/org/apache/httpcomponents/httpclient/4.5.3/httpclient-4.5.3.jar:/Users/przemyslaw.tarenda/.m2/repository/org/apache/httpcomponents/httpcore/4.4.6/httpcore-4.4.6.jar:/Users/przemyslaw.tarenda/.m2/repository/org/testng/testng/6.13.1/testng-6.13.1.jar:/Users/przemyslaw.tarenda/.m2/repository/com/beust/jcommander/1.72/jcommander-1.72.jar:/Users/przemyslaw.tarenda/.m2/repository/io/rest-assured/rest-assured/3.0.6/rest-assured-3.0.6.jar:/Users/przemyslaw.tarenda/.m2/repository/org/codehaus/groovy/groovy/2.4.12/groovy-2.4.12.jar:/Users/przemyslaw.tarenda/.m2/repository/org/codehaus/groovy/groovy-xml/2.4.12/groovy-xml-2.4.12.jar:/Users/przemyslaw.tarenda/.m2/repository/org/apache/httpcomponents/httpmime/4.5.1/httpmime-4.5.1.jar:/Users/przemyslaw.tarenda/.m2/repository/org/hamcrest/hamcrest-core/1.3/hamcrest-core-1.3.jar:/Users/przemyslaw.tarenda/.m2/repository/org/hamcrest/hamcrest-library/1.3/hamcrest-library-1.3.jar:/Users/przemyslaw.tarenda/.m2/repository/org/ccil/cowan/tagsoup/tagsoup/1.2.1/tagsoup-1.2.1.jar:/Users/przemyslaw.tarenda/.m2/repository/io/rest-assured/json-path/3.0.6/json-path-3.0.6.jar:/Users/przemyslaw.tarenda/.m2/repository/org/codehaus/groovy/groovy-json/2.4.12/groovy-json-2.4.12.jar:/Users/przemyslaw.tarenda/.m2/repository/io/rest-assured/rest-assured-common/3.0.6/rest-assured-common-3.0.6.jar:/Users/przemyslaw.tarenda/.m2/repository/io/rest-assured/xml-path/3.0.6/xml-path-3.0.6.jar:/Users/przemyslaw.tarenda/.m2/repository/javax/xml/bind/jaxb-api/2.2.12/jaxb-api-2.2.12.jar:/Users/przemyslaw.tarenda/.m2/repository/io/appium/java-client/5.0.4/java-client-5.0.4.jar:/Users/przemyslaw.tarenda/.m2/repository/cglib/cglib/3.2.5/cglib-3.2.5.jar:/Users/przemyslaw.tarenda/.m2/repository/org/ow2/asm/asm/6.0_ALPHA/asm-6.0_ALPHA.jar:/Users/przemyslaw.tarenda/.m2/repository/org/apache/ant/ant/1.9.6/ant-1.9.6.jar:/Users/przemyslaw.tarenda/.m2/repository/org/apache/ant/ant-launcher/1.9.6/ant-launcher-1.9.6.jar:/Users/przemyslaw.tarenda/.m2/repository/commons-validator/commons-validator/1.6/commons-validator-1.6.jar:/Users/przemyslaw.tarenda/.m2/repository/commons-beanutils/commons-beanutils/1.9.2/commons-beanutils-1.9.2.jar:/Users/przemyslaw.tarenda/.m2/repository/commons-digester/commons-digester/1.8.1/commons-digester-1.8.1.jar:/Users/przemyslaw.tarenda/.m2/repository/commons-collections/commons-collections/3.2.2/commons-collections-3.2.2.jar:/Users/przemyslaw.tarenda/.m2/repository/org/apache/commons/commons-lang3/3.6/commons-lang3-3.6.jar:/Users/przemyslaw.tarenda/.m2/repository/commons-io/commons-io/2.5/commons-io-2.5.jar:/Users/przemyslaw.tarenda/.m2/repository/org/springframework/spring-context/5.0.0.RELEASE/spring-context-5.0.0.RELEASE.jar:/Users/przemyslaw.tarenda/.m2/repository/org/springframework/spring-aop/5.0.0.RELEASE/spring-aop-5.0.0.RELEASE.jar:/Users/przemyslaw.tarenda/.m2/repository/org/springframework/spring-beans/5.0.0.RELEASE/spring-beans-5.0.0.RELEASE.jar:/Users/przemyslaw.tarenda/.m2/repository/org/springframework/spring-core/5.0.0.RELEASE/spring-core-5.0.0.RELEASE.jar:/Users/przemyslaw.tarenda/.m2/repository/org/springframework/spring-jcl/5.0.0.RELEASE/spring-jcl-5.0.0.RELEASE.jar:/Users/przemyslaw.tarenda/.m2/repository/org/springframework/spring-expression/5.0.0.RELEASE/spring-expression-5.0.0.RELEASE.jar:/Users/przemyslaw.tarenda/.m2/repository/org/aspectj/aspectjweaver/1.8.11/aspectjweaver-1.8.11.jar:/Users/przemyslaw.tarenda/.m2/repository/org/openpnp/opencv/3.2.0-1/opencv-3.2.0-1.jar:/Users/przemyslaw.tarenda/.m2/repository/org/apache/maven/plugins/maven-compiler-plugin/3.7.0/maven-compiler-plugin-3.7.0.jar:/Users/przemyslaw.tarenda/.m2/repository/org/apache/maven/maven-plugin-api/3.0/maven-plugin-api-3.0.jar:/Users/przemyslaw.tarenda/.m2/repository/org/apache/maven/maven-model/3.0/maven-model-3.0.jar:/Users/przemyslaw.tarenda/.m2/repository/org/sonatype/sisu/sisu-inject-plexus/1.4.2/sisu-inject-plexus-1.4.2.jar:/Users/przemyslaw.tarenda/.m2/repository/org/sonatype/sisu/sisu-inject-bean/1.4.2/sisu-inject-bean-1.4.2.jar:/Users/przemyslaw.tarenda/.m2/repository/org/sonatype/sisu/sisu-guice/2.1.7/sisu-guice-2.1.7-noaop.jar:/Users/przemyslaw.tarenda/.m2/repository/org/apache/maven/maven-artifact/3.0/maven-artifact-3.0.jar:/Users/przemyslaw.tarenda/.m2/repository/org/codehaus/plexus/plexus-utils/2.0.4/plexus-utils-2.0.4.jar:/Users/przemyslaw.tarenda/.m2/repository/org/apache/maven/maven-core/3.0/maven-core-3.0.jar:/Users/przemyslaw.tarenda/.m2/repository/org/apache/maven/maven-settings/3.0/maven-settings-3.0.jar:/Users/przemyslaw.tarenda/.m2/repository/org/apache/maven/maven-settings-builder/3.0/maven-settings-builder-3.0.jar:/Users/przemyslaw.tarenda/.m2/repository/org/apache/maven/maven-repository-metadata/3.0/maven-repository-metadata-3.0.jar:/Users/przemyslaw.tarenda/.m2/repository/org/apache/maven/maven-model-builder/3.0/maven-model-builder-3.0.jar:/Users/przemyslaw.tarenda/.m2/repository/org/apache/maven/maven-aether-provider/3.0/maven-aether-provider-3.0.jar:/Users/przemyslaw.tarenda/.m2/repository/org/sonatype/aether/aether-impl/1.7/aether-impl-1.7.jar:/Users/przemyslaw.tarenda/.m2/repository/org/sonatype/aether/aether-spi/1.7/aether-spi-1.7.jar:/Users/przemyslaw.tarenda/.m2/repository/org/sonatype/aether/aether-api/1.7/aether-api-1.7.jar:/Users/przemyslaw.tarenda/.m2/repository/org/sonatype/aether/aether-util/1.7/aether-util-1.7.jar:/Users/przemyslaw.tarenda/.m2/repository/org/codehaus/plexus/plexus-interpolation/1.14/plexus-interpolation-1.14.jar:/Users/przemyslaw.tarenda/.m2/repository/org/codehaus/plexus/plexus-classworlds/2.2.3/plexus-classworlds-2.2.3.jar:/Users/przemyslaw.tarenda/.m2/repository/org/codehaus/plexus/plexus-component-annotations/1.5.5/plexus-component-annotations-1.5.5.jar:/Users/przemyslaw.tarenda/.m2/repository/org/sonatype/plexus/plexus-sec-dispatcher/1.3/plexus-sec-dispatcher-1.3.jar:/Users/przemyslaw.tarenda/.m2/repository/org/sonatype/plexus/plexus-cipher/1.4/plexus-cipher-1.4.jar:/Users/przemyslaw.tarenda/.m2/repository/org/apache/maven/shared/maven-shared-utils/3.1.0/maven-shared-utils-3.1.0.jar:/Users/przemyslaw.tarenda/.m2/repository/org/apache/maven/shared/maven-shared-incremental/1.1/maven-shared-incremental-1.1.jar:/Users/przemyslaw.tarenda/.m2/repository/org/codehaus/plexus/plexus-java/0.9.2/plexus-java-0.9.2.jar:/Users/przemyslaw.tarenda/.m2/repository/com/thoughtworks/qdox/qdox/2.0-M7/qdox-2.0-M7.jar:/Users/przemyslaw.tarenda/.m2/repository/org/codehaus/plexus/plexus-compiler-api/2.8.2/plexus-compiler-api-2.8.2.jar:/Users/przemyslaw.tarenda/.m2/repository/org/codehaus/plexus/plexus-compiler-manager/2.8.2/plexus-compiler-manager-2.8.2.jar:/Users/przemyslaw.tarenda/.m2/repository/org/codehaus/plexus/plexus-compiler-javac/2.8.2/plexus-compiler-javac-2.8.2.jar:/Users/przemyslaw.tarenda/.m2/repository/junit/junit/4.11/junit-4.11.jar:/Users/przemyslaw.tarenda/.m2/repository/org/apache/maven/surefire/surefire-testng-utils/2.20.1/surefire-testng-utils-2.20.1.jar:/Users/przemyslaw.tarenda/.m2/repository/org/apache/maven/surefire/surefire-grouper/2.20.1/surefire-grouper-2.20.1.jar:"/>
    <property name="sun.cpu.endian" value="little"/>
    <property name="user.home" value="/Users/przemyslaw.tarenda"/>
    <property name="user.language" value="pl"/>
    <property name="java.specification.vendor" value="Oracle Corporation"/>
    <property name="java.home" value="/Library/Java/JavaVirtualMachines/jdk-9.0.4.jdk/Contents/Home"/>
    <property name="file.separator" value="/"/>
    <property name="basedir" value="/usr/local/apache-maven/apache-maven-3.5.2/my-app"/>
    <property name="java.vm.compressedOopsMode" value="Zero based"/>
    <property name="line.separator" value="&#10;"/>
    <property name="java.specification.name" value="Java Platform API Specification"/>
    <property name="java.vm.specification.vendor" value="Oracle Corporation"/>
    <property name="java.awt.graphicsenv" value="sun.awt.CGraphicsEnvironment"/>
    <property name="surefire.real.class.path" value="/usr/local/apache-maven/apache-maven-3.5.2/my-app/target/surefire/surefirebooter1502585924424561372.jar"/>
    <property name="sun.management.compiler" value="HotSpot 64-Bit Tiered Compilers"/>
    <property name="ftp.nonProxyHosts" value="local|*.local|169.254/16|*.169.254/16"/>
    <property name="java.runtime.version" value="9.0.4+11"/>
    <property name="user.name" value="przemyslaw.tarenda"/>
    <property name="path.separator" value=":"/>
    <property name="os.version" value="10.13.3"/>
    <property name="java.runtime.name" value="Java(TM) SE Runtime Environment"/>
    <property name="file.encoding" value="UTF-8"/>
    <property name="java.vm.name" value="Java HotSpot(TM) 64-Bit Server VM"/>
    <property name="localRepository" value="/Users/przemyslaw.tarenda/.m2/repository"/>
    <property name="java.vendor.url.bug" value="http://bugreport.java.com/bugreport/"/>
    <property name="java.io.tmpdir" value="/var/folders/4n/fr6jp49j06x2m4j2g2fns6v00000gp/T/"/>
    <property name="java.version" value="9.0.4"/>
    <property name="user.dir" value="/usr/local/apache-maven/apache-maven-3.5.2/my-app"/>
    <property name="os.arch" value="x86_64"/>
    <property name="java.vm.specification.name" value="Java Virtual Machine Specification"/>
    <property name="java.awt.printerjob" value="sun.lwawt.macosx.CPrinterJob"/>
    <property name="sun.os.patch.level" value="unknown"/>
    <property name="java.library.path" value="/Users/przemyslaw.tarenda/Library/Java/Extensions:/Library/Java/Extensions:/Network/Library/Java/Extensions:/System/Library/Java/Extensions:/usr/lib/java:."/>
    <property name="java.vm.info" value="mixed mode"/>
    <property name="java.vendor" value="Oracle Corporation"/>
    <property name="java.vm.version" value="9.0.4+11"/>
    <property name="sun.io.unicode.encoding" value="UnicodeBig"/>
    <property name="java.class.version" value="53.0"/>
    <property name="socksNonProxyHosts" value="local|*.local|169.254/16|*.169.254/16"/>
  </properties>
  <testcase name="BrowserAutomation" classname="com.mycompany.app.SeleniumTest" time="0.009"/>
  <testcase name="ElementsUi" classname="com.mycompany.app.SeleniumTest" time="0"/>
  <testcase name="deleteTwitter" classname="com.mycompany.app.RESTAPITest" time="0.001"/>
  <testcase name="postJira" classname="com.mycompany.app.RESTAPITest" time="0"/>
  <testcase name="IOSApps" classname="com.mycompany.app.AppiumTest" time="0"/>
  <testcase name="NativeApAndroid" classname="com.mycompany.app.AppiumTest" time="0"/>
</testsuite>