<?xml version="1.0" encoding="UTF-8"?>
<!-- Generated by org.testng.reporters.JUnitReportReporter -->
<testsuite hostname="inv-18550.local" failures="0" tests="2" name="com.mycompany.app.AppiumTest" time="0.008" errors="0" timestamp="06 lut 2018 08:59:15 GMT" skipped="0">
  <testcase classname="com.mycompany.app.AppiumTest" name="IOSApps" time="0.007"/>
  <testcase classname="com.mycompany.app.AppiumTest" name="NativeApAndroid" time="0.001"/>
</testsuite> <!-- com.mycompany.app.AppiumTest -->
