<?xml version="1.0" encoding="UTF-8"?>
<!-- Generated by org.testng.reporters.JUnitReportReporter -->
<testsuite hostname="inv-18550.local" failures="0" tests="1" name="com.mycompany.app.AppTest" time="0.029" errors="0" timestamp="05 lut 2018 08:56:24 GMT" skipped="0">
  <testcase classname="com.mycompany.app.AppTest" name="testApp" time="0.029"/>
</testsuite> <!-- com.mycompany.app.AppTest -->
