<?xml version="1.0" encoding="UTF-8"?>
<!-- Generated by org.testng.reporters.JUnitReportReporter -->
<testsuite hostname="inv-18550.local" failures="0" tests="2" name="com.mycompany.app.RESTAPITest" time="0.000" errors="0" timestamp="05 lut 2018 12:08:03 GMT" skipped="0">
  <testcase classname="com.mycompany.app.RESTAPITest" name="deleteTwitter" time="0.000"/>
  <testcase classname="com.mycompany.app.RESTAPITest" name="postJira" time="0.000"/>
</testsuite> <!-- com.mycompany.app.RESTAPITest -->
