<?xml version="1.0" encoding="UTF-8"?>
<!-- Generated by org.testng.reporters.JUnitReportReporter -->
<testsuite hostname="inv-18550.local" failures="0" tests="2" name="com.mycompany.app.AppiumTest" time="0.001" errors="0" timestamp="05 lut 2018 12:08:03 GMT" skipped="0">
  <testcase classname="com.mycompany.app.AppiumTest" name="NativeApAndroid" time="0.000"/>
  <testcase classname="com.mycompany.app.AppiumTest" name="IOSApps" time="0.001"/>
</testsuite> <!-- com.mycompany.app.AppiumTest -->
